2025-10-02 14:47:48.826 [background-preinit] INFO  o.h.validator.internal.util.Version - HV000001: Hibernate Validator 8.0.1.Final
2025-10-02 14:47:48.848 [restartedMain] INFO  c.e.b.BackendPracticeApplication - Starting BackendPracticeApplication using Java 21.0.6 with PID 20676 (C:\Users\Bolide\Desktop\Java Code Files\practice-project\backend\target\classes started by Bolide in C:\Users\Bolide\Desktop\Java Code Files\practice-project\backend)
2025-10-02 14:47:48.849 [restartedMain] DEBUG c.e.b.BackendPracticeApplication - Running with Spring Boot v3.2.0, Spring v6.1.1
2025-10-02 14:47:48.849 [restartedMain] INFO  c.e.b.BackendPracticeApplication - No active profile set, falling back to 1 default profile: "default"
2025-10-02 14:47:48.875 [restartedMain] INFO  o.s.b.d.e.DevToolsPropertyDefaultsPostProcessor - Devtools property defaults active! Set 'spring.devtools.add-properties' to 'false' to disable
2025-10-02 14:47:48.875 [restartedMain] INFO  o.s.b.d.e.DevToolsPropertyDefaultsPostProcessor - For additional web related logging consider setting the 'logging.level.web' property to 'DEBUG'
2025-10-02 14:47:49.298 [restartedMain] INFO  o.s.d.r.c.RepositoryConfigurationDelegate - Bootstrapping Spring Data JPA repositories in DEFAULT mode.
2025-10-02 14:47:49.328 [restartedMain] INFO  o.s.d.r.c.RepositoryConfigurationDelegate - Finished Spring Data repository scanning in 26 ms. Found 1 JPA repository interface.
2025-10-02 14:47:49.651 [restartedMain] INFO  o.s.b.w.e.tomcat.TomcatWebServer - Tomcat initialized with port 8080 (http)
2025-10-02 14:47:49.652 [restartedMain] INFO  o.a.c.core.AprLifecycleListener - Loaded Apache Tomcat Native library [2.0.8] using APR version [1.7.4].
2025-10-02 14:47:49.654 [restartedMain] INFO  o.a.c.core.AprLifecycleListener - OpenSSL successfully initialized [OpenSSL 3.0.14 4 Jun 2024]
2025-10-02 14:47:49.659 [restartedMain] INFO  o.a.coyote.http11.Http11NioProtocol - Initializing ProtocolHandler ["http-nio-8080"]
2025-10-02 14:47:49.661 [restartedMain] INFO  o.a.catalina.core.StandardService - Starting service [Tomcat]
2025-10-02 14:47:49.661 [restartedMain] INFO  o.a.catalina.core.StandardEngine - Starting Servlet engine: [Apache Tomcat/10.1.16]
2025-10-02 14:47:49.691 [restartedMain] INFO  o.a.c.c.C.[Tomcat].[localhost].[/] - Initializing Spring embedded WebApplicationContext
2025-10-02 14:47:49.692 [restartedMain] INFO  o.s.b.w.s.c.ServletWebServerApplicationContext - Root WebApplicationContext: initialization completed in 815 ms
2025-10-02 14:47:49.722 [restartedMain] DEBUG c.e.b.config.JwtAuthenticationFilter - Filter 'jwtAuthenticationFilter' configured for use
2025-10-02 14:47:49.778 [restartedMain] INFO  o.h.jpa.internal.util.LogHelper - HHH000204: Processing PersistenceUnitInfo [name: default]
2025-10-02 14:47:49.806 [restartedMain] INFO  org.hibernate.Version - HHH000412: Hibernate ORM core version 6.3.1.Final
2025-10-02 14:47:49.822 [restartedMain] INFO  o.h.c.i.RegionFactoryInitiator - HHH000026: Second-level cache disabled
2025-10-02 14:47:49.945 [restartedMain] INFO  o.s.o.j.p.SpringPersistenceUnitInfo - No LoadTimeWeaver setup: ignoring JPA class transformer
2025-10-02 14:47:49.960 [restartedMain] INFO  com.zaxxer.hikari.HikariDataSource - HikariPool-1 - Starting...
2025-10-02 14:47:50.142 [restartedMain] INFO  com.zaxxer.hikari.pool.HikariPool - HikariPool-1 - Added connection com.mysql.cj.jdbc.ConnectionImpl@3ed6aa56
2025-10-02 14:47:50.144 [restartedMain] INFO  com.zaxxer.hikari.HikariDataSource - HikariPool-1 - Start completed.
2025-10-02 14:47:50.622 [restartedMain] INFO  o.h.e.t.j.p.i.JtaPlatformInitiator - HHH000489: No JTA platform available (set 'hibernate.transaction.jta.platform' to enable JTA platform integration)
2025-10-02 14:47:50.648 [restartedMain] INFO  o.s.o.j.LocalContainerEntityManagerFactoryBean - Initialized JPA EntityManagerFactory for persistence unit 'default'
2025-10-02 14:47:50.896 [restartedMain] WARN  o.s.b.a.s.s.UserDetailsServiceAutoConfiguration - 

Using generated security password: 0a0338bf-783c-45fa-b1f8-dda889b6840f

This generated password is for development use only. Your security configuration must be updated before running your application in production.

2025-10-02 14:47:51.036 [restartedMain] INFO  o.s.s.web.DefaultSecurityFilterChain - Will secure any request with [org.springframework.security.web.session.DisableEncodeUrlFilter@5ee8bb22, org.springframework.security.web.context.request.async.WebAsyncManagerIntegrationFilter@14a12ded, org.springframework.security.web.context.SecurityContextHolderFilter@37491bd7, org.springframework.security.web.header.HeaderWriterFilter@480e6651, org.springframework.security.web.authentication.logout.LogoutFilter@3f0df6b4, com.example.backendpractice.config.JwtAuthenticationFilter@4d377045, org.springframework.security.web.savedrequest.RequestCacheAwareFilter@14095a75, org.springframework.security.web.servletapi.SecurityContextHolderAwareRequestFilter@6d230285, org.springframework.security.web.authentication.AnonymousAuthenticationFilter@41ca5667, org.springframework.security.web.session.SessionManagementFilter@6237b6a4, org.springframework.security.web.access.ExceptionTranslationFilter@3be42e71, org.springframework.security.web.access.intercept.AuthorizationFilter@51737e0c]
2025-10-02 14:47:51.168 [restartedMain] INFO  o.s.b.d.a.OptionalLiveReloadServer - LiveReload server is running on port 35729
2025-10-02 14:47:51.177 [restartedMain] INFO  o.a.coyote.http11.Http11NioProtocol - Starting ProtocolHandler ["http-nio-8080"]
2025-10-02 14:47:51.187 [restartedMain] INFO  o.s.b.w.e.tomcat.TomcatWebServer - Tomcat started on port 8080 (http) with context path ''
2025-10-02 14:47:51.192 [restartedMain] INFO  c.e.b.BackendPracticeApplication - Started BackendPracticeApplication in 2.623 seconds (process running for 2.856)
2025-10-02 14:48:34.451 [http-nio-8080-exec-1] INFO  o.a.c.c.C.[Tomcat].[localhost].[/] - Initializing Spring DispatcherServlet 'dispatcherServlet'
2025-10-02 14:48:34.451 [http-nio-8080-exec-1] INFO  o.s.web.servlet.DispatcherServlet - Initializing Servlet 'dispatcherServlet'
2025-10-02 14:48:34.452 [http-nio-8080-exec-1] INFO  o.s.web.servlet.DispatcherServlet - Completed initialization in 1 ms
2025-10-02 14:48:34.456 [http-nio-8080-exec-1] DEBUG o.s.security.web.FilterChainProxy - Securing GET /api/users
2025-10-02 14:48:34.459 [http-nio-8080-exec-1] DEBUG o.s.s.w.a.AnonymousAuthenticationFilter - Set SecurityContextHolder to anonymous SecurityContext
2025-10-02 14:48:34.460 [http-nio-8080-exec-1] WARN  o.s.w.s.h.HandlerMappingIntrospector - Cache miss for REQUEST dispatch to '/api/users' (previous null). Performing MatchableHandlerMapping lookup. This is logged once only at WARN level, and every time at TRACE.
2025-10-02 14:48:34.465 [http-nio-8080-exec-1] DEBUG o.s.security.web.FilterChainProxy - Secured GET /api/users
2025-10-02 14:48:34.530 [http-nio-8080-exec-1] DEBUG org.hibernate.SQL - 
    select
        u1_0.id,
        u1_0.created_at,
        u1_0.email,
        u1_0.enabled,
        u1_0.password,
        u1_0.role,
        u1_0.username 
    from
        users u1_0
2025-10-02 14:48:34.588 [http-nio-8080-exec-2] DEBUG o.s.security.web.FilterChainProxy - Securing GET /.well-known/appspecific/com.chrome.devtools.json
2025-10-02 14:48:34.588 [http-nio-8080-exec-2] DEBUG o.s.s.w.a.AnonymousAuthenticationFilter - Set SecurityContextHolder to anonymous SecurityContext
2025-10-02 14:48:34.592 [http-nio-8080-exec-2] DEBUG o.s.s.w.a.Http403ForbiddenEntryPoint - Pre-authenticated entry point called. Rejecting access
2025-10-02 14:48:34.594 [http-nio-8080-exec-2] DEBUG o.s.security.web.FilterChainProxy - Securing GET /error
2025-10-02 14:48:34.596 [http-nio-8080-exec-2] DEBUG o.s.security.web.FilterChainProxy - Secured GET /error
2025-10-02 14:48:34.603 [http-nio-8080-exec-2] DEBUG o.s.s.w.a.AnonymousAuthenticationFilter - Set SecurityContextHolder to anonymous SecurityContext
2025-10-02 14:48:36.854 [http-nio-8080-exec-3] DEBUG o.s.security.web.FilterChainProxy - Securing POST /api/users
2025-10-02 14:48:36.855 [http-nio-8080-exec-3] DEBUG o.s.s.w.a.AnonymousAuthenticationFilter - Set SecurityContextHolder to anonymous SecurityContext
2025-10-02 14:48:36.855 [http-nio-8080-exec-3] DEBUG o.s.security.web.FilterChainProxy - Secured POST /api/users
2025-10-02 14:48:36.882 [http-nio-8080-exec-3] INFO  c.e.b.controller.UserController - 开始创建用户:测试用户_日志
2025-10-02 14:48:36.882 [http-nio-8080-exec-3] INFO  c.e.b.controller.UserController - 正在加密用户密码...
2025-10-02 14:48:36.958 [http-nio-8080-exec-3] DEBUG org.hibernate.SQL - 
    insert 
    into
        users
        (created_at, email, enabled, password, role, username) 
    values
        (?, ?, ?, ?, ?, ?)
2025-10-02 14:48:36.974 [http-nio-8080-exec-3] INFO  c.e.b.controller.UserController - 用户创建成功: ID=6, 用户名=测试用户_日志
2025-10-02 14:48:57.845 [SpringApplicationShutdownHook] INFO  o.s.o.j.LocalContainerEntityManagerFactoryBean - Closing JPA EntityManagerFactory for persistence unit 'default'
2025-10-02 14:48:57.847 [SpringApplicationShutdownHook] INFO  com.zaxxer.hikari.HikariDataSource - HikariPool-1 - Shutdown initiated...
2025-10-02 14:48:57.852 [SpringApplicationShutdownHook] INFO  com.zaxxer.hikari.HikariDataSource - HikariPool-1 - Shutdown completed.
